<?xml version="1.0" encoding="UTF-8"?>
<!-- Generated by org.testng.reporters.JUnitReportReporter -->
<testsuite hostname="LAPTOP-P6MF1LBB" failures="0" tests="4" name="testngprograms.grouptest" time="0.013" errors="0" timestamp="2023-02-07T19:46:00 IST" skipped="0">
  <testcase classname="testngprograms.grouptest" name="ECE" time="0.011"/>
  <system-out/>
  <testcase classname="testngprograms.grouptest" name="IT" time="0.001"/>
  <system-out/>
  <testcase classname="testngprograms.grouptest" name="cse" time="0.000"/>
  <system-out/>
  <testcase classname="testngprograms.grouptest" name="EEE" time="0.001"/>
  <system-out/>
</testsuite> <!-- testngprograms.grouptest -->
