<?xml version="1.0" encoding="UTF-8"?>
<!-- Generated by org.testng.reporters.JUnitReportReporter -->
<testsuite hostname="LAPTOP-P6MF1LBB" failures="0" tests="3" name="selprograms.facegenielogin" time="2.444" errors="0" timestamp="2023-02-23T14:01:46 IST" skipped="0">
  <testcase classname="selprograms.facegenielogin" name="login" time="0.555"/>
  <system-out/>
  <testcase classname="selprograms.facegenielogin" name="login" time="0.628"/>
  <system-out/>
  <testcase classname="selprograms.facegenielogin" name="login" time="1.261"/>
  <system-out/>
</testsuite> <!-- selprograms.facegenielogin -->
