<?xml version="1.0" encoding="UTF-8"?>
<!-- Generated by org.testng.reporters.JUnitReportReporter -->
<testsuite hostname="LAPTOP-P6MF1LBB" failures="0" tests="2" name="testngprograms.sampletest2" time="0.014" errors="0" timestamp="2023-01-21T19:59:57 IST" skipped="0">
  <testcase classname="testngprograms.sampletest2" name="car" time="0.007"/>
  <system-out/>
  <testcase classname="testngprograms.sampletest2" name="auto" time="0.007"/>
  <system-out/>
</testsuite> <!-- testngprograms.sampletest2 -->
