<?xml version="1.0" encoding="UTF-8"?>
<!-- Generated by org.testng.reporters.JUnitReportReporter -->
<testsuite hostname="LAPTOP-P6MF1LBB" failures="0" tests="1" name="testcasesPageobject.logintestcase" time="16.797" errors="0" timestamp="2023-02-07T21:48:42 IST" skipped="0">
  <testcase classname="testcasesPageobject.logintestcase" name="login" time="16.797"/>
  <system-out/>
</testsuite> <!-- testcasesPageobject.logintestcase -->
