<?xml version="1.0" encoding="UTF-8"?>
<!-- Generated by org.testng.reporters.JUnitReportReporter -->
<testsuite hostname="LAPTOP-P6MF1LBB" failures="0" tests="1" name="testngprograms.sampletest" time="0.003" errors="0" timestamp="2023-01-20T17:05:03 IST" skipped="0">
  <testcase classname="testngprograms.sampletest" name="run" time="0.003"/>
  <system-out/>
</testsuite> <!-- testngprograms.sampletest -->
