<?xml version="1.0" encoding="UTF-8"?>
<!-- Generated by org.testng.reporters.JUnitReportReporter -->
<testsuite hostname="LAPTOP-P6MF1LBB" failures="0" tests="2" name="testngprograms.suiteexample" time="4.243" errors="0" timestamp="2023-01-21T18:52:51 IST" skipped="0">
  <testcase classname="testngprograms.suiteexample" name="openyahoo" time="2.830"/>
  <system-out/>
  <testcase classname="testngprograms.suiteexample" name="opengoogle" time="1.413"/>
  <system-out/>
</testsuite> <!-- testngprograms.suiteexample -->
