<?xml version="1.0" encoding="UTF-8"?>
<!-- Generated by org.testng.reporters.JUnitReportReporter -->
<testsuite hostname="LAPTOP-P6MF1LBB" failures="0" tests="4" name="testcasesPageobject.newlogin" time="26.155" errors="0" timestamp="2023-02-22T14:12:57 IST" skipped="0">
  <testcase classname="testcasesPageobject.newlogin" name="loginwithusernameandpassword" time="19.494"/>
  <system-out/>
  <testcase classname="testcasesPageobject.newlogin" name="loginwithusernameandpassword" time="3.156"/>
  <system-out/>
  <testcase classname="testcasesPageobject.newlogin" name="loginwithusernameandpassword" time="2.419"/>
  <system-out/>
  <testcase classname="testcasesPageobject.newlogin" name="loginwithusernameandpassword" time="1.086"/>
  <system-out/>
</testsuite> <!-- testcasesPageobject.newlogin -->
